{"total": {"lines":{"total":4761,"covered":2205,"skipped":0,"pct":46.31},"statements":{"total":4761,"covered":2205,"skipped":0,"pct":46.31},"functions":{"total":88,"covered":79,"skipped":0,"pct":89.77},"branches":{"total":544,"covered":486,"skipped":0,"pct":89.33},"branchesTrue":{"total":0,"covered":0,"skipped":0,"pct":100}}
,"C:\\phicecraft\\src\\core\\state.ts": {"lines":{"total":901,"covered":0,"skipped":0,"pct":0},"functions":{"total":1,"covered":0,"skipped":0,"pct":0},"statements":{"total":901,"covered":0,"skipped":0,"pct":0},"branches":{"total":1,"covered":0,"skipped":0,"pct":0}}
,"C:\\phicecraft\\src\\engine\\drill.ts": {"lines":{"total":377,"covered":0,"skipped":0,"pct":0},"functions":{"total":1,"covered":0,"skipped":0,"pct":0},"statements":{"total":377,"covered":0,"skipped":0,"pct":0},"branches":{"total":1,"covered":0,"skipped":0,"pct":0}}
,"C:\\phicecraft\\src\\engine\\drillLifecycle.ts": {"lines":{"total":13,"covered":0,"skipped":0,"pct":0},"functions":{"total":1,"covered":0,"skipped":0,"pct":0},"statements":{"total":13,"covered":0,"skipped":0,"pct":0},"branches":{"total":1,"covered":0,"skipped":0,"pct":0}}
,"C:\\phicecraft\\src\\engine\\drillValidation.ts": {"lines":{"total":59,"covered":0,"skipped":0,"pct":0},"functions":{"total":1,"covered":0,"skipped":0,"pct":0},"statements":{"total":59,"covered":0,"skipped":0,"pct":0},"branches":{"total":1,"covered":0,"skipped":0,"pct":0}}
,"C:\\phicecraft\\src\\engine\\playback.ts": {"lines":{"total":423,"covered":0,"skipped":0,"pct":0},"functions":{"total":1,"covered":0,"skipped":0,"pct":0},"statements":{"total":423,"covered":0,"skipped":0,"pct":0},"branches":{"total":1,"covered":0,"skipped":0,"pct":0}}
,"C:\\phicecraft\\src\\engine\\puck.ts": {"lines":{"total":260,"covered":0,"skipped":0,"pct":0},"functions":{"total":1,"covered":0,"skipped":0,"pct":0},"statements":{"total":260,"covered":0,"skipped":0,"pct":0},"branches":{"total":1,"covered":0,"skipped":0,"pct":0}}
,"C:\\phicecraft\\src\\persistence\\drillPipeline.ts": {"lines":{"total":636,"covered":616,"skipped":0,"pct":96.85},"functions":{"total":19,"covered":19,"skipped":0,"pct":100},"statements":{"total":636,"covered":616,"skipped":0,"pct":96.85},"branches":{"total":248,"covered":230,"skipped":0,"pct":92.74}}
,"C:\\phicecraft\\src\\persistence\\exportService.ts": {"lines":{"total":116,"covered":116,"skipped":0,"pct":100},"functions":{"total":4,"covered":4,"skipped":0,"pct":100},"statements":{"total":116,"covered":116,"skipped":0,"pct":100},"branches":{"total":19,"covered":17,"skipped":0,"pct":89.47}}
,"C:\\phicecraft\\src\\persistence\\importService.ts": {"lines":{"total":293,"covered":251,"skipped":0,"pct":85.66},"functions":{"total":5,"covered":5,"skipped":0,"pct":100},"statements":{"total":293,"covered":251,"skipped":0,"pct":85.66},"branches":{"total":54,"covered":47,"skipped":0,"pct":87.03}}
,"C:\\phicecraft\\src\\persistence\\indexedDbRepository.ts": {"lines":{"total":386,"covered":365,"skipped":0,"pct":94.55},"functions":{"total":22,"covered":22,"skipped":0,"pct":100},"statements":{"total":386,"covered":365,"skipped":0,"pct":94.55},"branches":{"total":94,"covered":88,"skipped":0,"pct":93.61}}
,"C:\\phicecraft\\src\\persistence\\legacyLocalStorageMigration.ts": {"lines":{"total":216,"covered":194,"skipped":0,"pct":89.81},"functions":{"total":3,"covered":3,"skipped":0,"pct":100},"statements":{"total":216,"covered":194,"skipped":0,"pct":89.81},"branches":{"total":49,"covered":39,"skipped":0,"pct":79.59}}
,"C:\\phicecraft\\src\\persistence\\recoveryService.ts": {"lines":{"total":60,"covered":60,"skipped":0,"pct":100},"functions":{"total":3,"covered":3,"skipped":0,"pct":100},"statements":{"total":60,"covered":60,"skipped":0,"pct":100},"branches":{"total":4,"covered":3,"skipped":0,"pct":75}}
,"C:\\phicecraft\\src\\persistence\\saveCoordinator.ts": {"lines":{"total":194,"covered":191,"skipped":0,"pct":98.45},"functions":{"total":17,"covered":16,"skipped":0,"pct":94.11},"statements":{"total":194,"covered":191,"skipped":0,"pct":98.45},"branches":{"total":36,"covered":30,"skipped":0,"pct":83.33}}
,"C:\\phicecraft\\src\\persistence\\schema.ts": {"lines":{"total":180,"covered":180,"skipped":0,"pct":100},"functions":{"total":1,"covered":1,"skipped":0,"pct":100},"statements":{"total":180,"covered":180,"skipped":0,"pct":100},"branches":{"total":5,"covered":4,"skipped":0,"pct":80}}
,"C:\\phicecraft\\src\\persistence\\types.ts": {"lines":{"total":215,"covered":215,"skipped":0,"pct":100},"functions":{"total":5,"covered":5,"skipped":0,"pct":100},"statements":{"total":215,"covered":215,"skipped":0,"pct":100},"branches":{"total":27,"covered":27,"skipped":0,"pct":100}}
,"C:\\phicecraft\\src\\utils\\geometry.ts": {"lines":{"total":413,"covered":0,"skipped":0,"pct":0},"functions":{"total":1,"covered":0,"skipped":0,"pct":0},"statements":{"total":413,"covered":0,"skipped":0,"pct":0},"branches":{"total":1,"covered":0,"skipped":0,"pct":0}}
,"C:\\phicecraft\\src\\utils\\id.ts": {"lines":{"total":19,"covered":17,"skipped":0,"pct":89.47},"functions":{"total":2,"covered":1,"skipped":0,"pct":50},"statements":{"total":19,"covered":17,"skipped":0,"pct":89.47},"branches":{"total":1,"covered":1,"skipped":0,"pct":100}}
}
